x01
[2024-07-24 09:40:22] INFO: Starting Flye 2.9-b1774
[2024-07-24 09:40:22] INFO: >>>STAGE: configure
[2024-07-24 09:40:22] INFO: Configuring run
[2024-07-24 09:46:35] INFO: Total read length: 16725876532
[2024-07-24 09:46:35] INFO: Reads N50/N90: 4631 / 995
[2024-07-24 09:46:35] INFO: Minimum overlap set to 1000
[2024-07-24 09:46:35] INFO: >>>STAGE: assembly
[2024-07-24 09:46:35] INFO: Assembling disjointigs
[2024-07-24 09:46:35] INFO: Reading sequences
[2024-07-24 09:51:03] INFO: Building minimizer index
[2024-07-24 09:51:03] INFO: Pre-calculating index storage
0% 10% 20% 30% 40% 50% 60% 70% 80% 90% 100% 
[2024-07-24 09:52:59] INFO: Filling index
0% 10% 20% 30% 40% 50% 60% 70% 80% 90% 100% 
[2024-07-24 09:55:53] INFO: Extending reads
[2024-07-24 09:58:14] INFO: Overlap-based coverage: 439
[2024-07-24 09:58:14] INFO: Median overlap divergence: 0.0251245
0% 10% 20% 40% 60% 80% 90% 100% 
[2024-07-24 10:41:44] INFO: Assembled 170 disjointigs
[2024-07-24 10:41:47] INFO: Generating sequence
0% 10% 20% 30% 40% 50% 60% 70% 80% 90% 100% 
[2024-07-24 10:41:51] INFO: Filtering contained disjointigs
0% 10% 20% 30% 40% 50% 60% 70% 80% 90% 100% 
[2024-07-24 10:41:53] INFO: Contained seqs: 155
[2024-07-24 10:42:01] INFO: >>>STAGE: consensus
[2024-07-24 10:42:01] INFO: Running Minimap2
[2024-07-24 10:55:58] INFO: Computing consensus
[2024-07-24 11:18:47] INFO: Alignment error rate: 0.032359
[2024-07-24 11:18:48] INFO: >>>STAGE: repeat
[2024-07-24 11:18:48] INFO: Building and resolving repeat graph
[2024-07-24 11:18:48] INFO: Parsing disjointigs
[2024-07-24 11:18:48] INFO: Building repeat graph
0% 10% 20% 30% 40% 50% 60% 70% 80% 90% 100% 
[2024-07-24 11:18:57] INFO: Median overlap divergence: 0.106317
[2024-07-24 11:18:57] INFO: Parsing reads
[2024-07-24 11:23:29] INFO: Aligning reads to the graph
0% 10% 20% 30% 40% 50% 60% 70% 80% 90% 100% 
[2024-07-24 11:29:33] INFO: Aligned read sequence: 14337241851 / 15040956127 (0.953213)
[2024-07-24 11:29:33] INFO: Median overlap divergence: 0.0103199
[2024-07-24 11:29:34] INFO: Mean edge coverage: 502
[2024-07-24 11:29:35] INFO: Simplifying the graph
[2024-07-24 11:30:02] INFO: >>>STAGE: contigger
[2024-07-24 11:30:02] INFO: Generating contigs
[2024-07-24 11:30:02] INFO: Reading sequences
[2024-07-24 11:34:47] INFO: Generated 65 contigs
[2024-07-24 11:34:48] INFO: Added 1 scaffold connections
[2024-07-24 11:34:57] INFO: >>>STAGE: polishing
[2024-07-24 11:34:57] INFO: Polishing genome (1/1)
[2024-07-24 11:34:57] INFO: Running minimap2
slurmstepd-x01: error: *** JOB 5145837 ON x01 CANCELLED AT 2024-07-24T11:40:22 DUE TO TIME LIMIT ***
