-- canu 2.2
--
-- CITATIONS
--
-- For 'standard' assemblies of PacBio or Nanopore reads:
--   Koren S, Walenz BP, Berlin K, Miller JR, Phillippy AM.
--   Canu: scalable and accurate long-read assembly via adaptive k-mer weighting and repeat separation.
--   Genome Res. 2017 May;27(5):722-736.
--   http://doi.org/10.1101/gr.215087.116
-- 
-- Read and contig alignments during correction and consensus use:
--   Šošic M, Šikic M.
--   Edlib: a C/C ++ library for fast, exact sequence alignment using edit distance.
--   Bioinformatics. 2017 May 1;33(9):1394-1395.
--   http://doi.org/10.1093/bioinformatics/btw753
-- 
-- Overlaps are generated using:
--   Berlin K, et al.
--   Assembling large genomes with single-molecule sequencing and locality-sensitive hashing.
--   Nat Biotechnol. 2015 Jun;33(6):623-30.
--   http://doi.org/10.1038/nbt.3238
-- 
--   Myers EW, et al.
--   A Whole-Genome Assembly of Drosophila.
--   Science. 2000 Mar 24;287(5461):2196-204.
--   http://doi.org/10.1126/science.287.5461.2196
-- 
-- Corrected read consensus sequences are generated using an algorithm derived from FALCON-sense:
--   Chin CS, et al.
--   Phased diploid genome assembly with single-molecule real-time sequencing.
--   Nat Methods. 2016 Dec;13(12):1050-1054.
--   http://doi.org/10.1038/nmeth.4035
-- 
-- Contig consensus sequences are generated using an algorithm derived from pbdagcon:
--   Chin CS, et al.
--   Nonhybrid, finished microbial genome assemblies from long-read SMRT sequencing data.
--   Nat Methods. 2013 Jun;10(6):563-9
--   http://doi.org/10.1038/nmeth.2474
-- 
-- CONFIGURE CANU
--
-- Detected Java(TM) Runtime Environment '17.0.2' (from '/opt/linux/rocky/8.x/x86_64/pkgs/java/17.0.2/bin/java') without -d64 support.
-- Detected gnuplot version '5.2 patchlevel 4   ' (from 'gnuplot') and image format 'png'.
--
-- Detected 2 CPUs and 4096 gigabytes of memory on the local machine.
--
-- Detected Slurm with 'sinfo' binary in /opt/linux/rocky/8.x/x86_64/pkgs/slurm/23.02.2/bin/sinfo.
-- Detected Slurm with task IDs up to 2499 allowed.
-- 
-- Slurm support detected.  Resources available:
--     10 hosts with 256 cores and  438 GB memory.
--      3 hosts with  64 cores and  900 GB memory.
--      2 hosts with  32 cores and  111 GB memory.
--      2 hosts with 256 cores and  900 GB memory.
--      4 hosts with  32 cores and  900 GB memory.
--      8 hosts with 128 cores and  438 GB memory.
--     11 hosts with  64 cores and  194 GB memory.
--     31 hosts with  64 cores and  487 GB memory.
--      2 hosts with  64 cores and  927 GB memory.
--      4 hosts with  96 cores and  341 GB memory.
--     18 hosts with 256 cores and  927 GB memory.
--      2 hosts with  48 cores and  487 GB memory.
--      2 hosts with  96 cores and  438 GB memory.
--     53 hosts with  64 cores and  438 GB memory.
--      2 hosts with  64 cores and   97 GB memory.
--
-- I appear to be task 3 in a job array, unsetting SLURM_ARRAY_TASK_ID.
--
--                         (tag)Threads
--                (tag)Memory         |
--        (tag)             |         |  algorithm
--        -------  ----------  --------  -----------------------------
-- Grid:  meryl      6.000 GB    4 CPUs  (k-mer counting)
-- Grid:  hap        6.000 GB    4 CPUs  (read-to-haplotype assignment)
-- Grid:  cormhap    6.000 GB   16 CPUs  (overlap detection with mhap)
-- Grid:  obtovl     4.000 GB    8 CPUs  (overlap detection)
-- Grid:  utgovl     4.000 GB    8 CPUs  (overlap detection)
-- Grid:  cor        -.--- GB    4 CPUs  (read correction)
-- Grid:  ovb        4.000 GB    1 CPU   (overlap store bucketizer)
-- Grid:  ovs        8.000 GB    1 CPU   (overlap store sorting)
-- Grid:  red        8.000 GB    4 CPUs  (read error detection)
-- Grid:  oea        8.000 GB    1 CPU   (overlap error adjustment)
-- Grid:  bat       16.000 GB    4 CPUs  (contig construction with bogart)
-- Grid:  cns        -.--- GB    4 CPUs  (consensus)
--
-- Found untrimmed raw Nanopore reads in the input files.
--
-- I appear to be task  in a job array, unsetting SLURM_ARRAY_TASK_ID.
--
-- Generating assembly 'VB21' in '/bigdata/stajichlab/shared/projects/BioCrusts/MossCrust/genomics/hybrid_assemblies/asm/canu/VB21':
--   genomeSize:
--     21000000
--
--   Overlap Generation Limits:
--     corOvlErrorRate 0.3200 ( 32.00%)
--     obtOvlErrorRate 0.1200 ( 12.00%)
--     utgOvlErrorRate 0.1200 ( 12.00%)
--
--   Overlap Processing Limits:
--     corErrorRate    0.3000 ( 30.00%)
--     obtErrorRate    0.1200 ( 12.00%)
--     utgErrorRate    0.1200 ( 12.00%)
--     cnsErrorRate    0.2000 ( 20.00%)
--
--   Stages to run:
--     correct raw reads.
--     trim corrected reads.
--     assemble corrected and trimmed reads.
--
--
-- BEGIN CORRECTION
----------------------------------------
-- Starting command on Wed Jul 24 09:40:05 2024 with 92993.609 GB free disk space

    cd .
    ./VB21.seqStore.sh \
    > ./VB21.seqStore.err 2>&1

-- Finished on Wed Jul 24 09:40:27 2024 (22 seconds) with 92992.656 GB free disk space
----------------------------------------
--
-- In sequence store './VB21.seqStore':
--   Found 148381 reads.
--   Found 660537878 bases (31.45 times coverage).
--    Histogram of raw reads:
--    
--    G=660537878                        sum of  ||               length     num
--    NG         length     index       lengths  ||                range    seqs
--    ----- ------------ --------- ------------  ||  ------------------- -------
--    00010        11490      3649     66057992  ||       1000-2978        66334|---------------------------------------------------------------
--    00020         7781     11278    132110333  ||       2979-4957        26104|-------------------------
--    00030         7404     20027    198164044  ||       4958-6936        12075|------------
--    00040         7292     29038    264219263  ||       6937-8915        38072|-------------------------------------
--    00050         7137     38180    330271700  ||       8916-10894        1759|--
--    00060         6182     47805    396325710  ||      10895-12873        1107|--
--    00070         4483     60414    462377556  ||      12874-14852        1039|-
--    00080         3201     77845    528430617  ||      14853-16831         568|-
--    00090         2081    103208    594484187  ||      16832-18810         309|-
--    00100         1000    148380    660537878  ||      18811-20789         221|-
--    001.000x              148381    660537878  ||      20790-22768         160|-
--                                               ||      22769-24747         130|-
--                                               ||      24748-26726          94|-
--                                               ||      26727-28705          84|-
--                                               ||      28706-30684          57|-
--                                               ||      30685-32663          48|-
--                                               ||      32664-34642          31|-
--                                               ||      34643-36621          38|-
--                                               ||      36622-38600          32|-
--                                               ||      38601-40579          27|-
--                                               ||      40580-42558          15|-
--                                               ||      42559-44537          11|-
--                                               ||      44538-46516          10|-
--                                               ||      46517-48495           9|-
--                                               ||      48496-50474           8|-
--                                               ||      50475-52453           8|-
--                                               ||      52454-54432           5|-
--                                               ||      54433-56411           5|-
--                                               ||      56412-58390           1|-
--                                               ||      58391-60369           4|-
--                                               ||      60370-62348           4|-
--                                               ||      62349-64327           1|-
--                                               ||      64328-66306           0|
--                                               ||      66307-68285           2|-
--                                               ||      68286-70264           0|
--                                               ||      70265-72243           0|
--                                               ||      72244-74222           0|
--                                               ||      74223-76201           1|-
--                                               ||      76202-78180           0|
--                                               ||      78181-80159           1|-
--                                               ||      80160-82138           0|
--                                               ||      82139-84117           1|-
--                                               ||      84118-86096           1|-
--                                               ||      86097-88075           1|-
--                                               ||      88076-90054           0|
--                                               ||      90055-92033           1|-
--                                               ||      92034-94012           1|-
--                                               ||      94013-95991           1|-
--                                               ||      95992-97970           0|
--                                               ||      97971-99949           1|-
--    
----------------------------------------
-- Starting command on Wed Jul 24 09:40:27 2024 with 92992.656 GB free disk space

    cd correction/0-mercounts
    ./meryl-configure.sh \
    > ./meryl-configure.err 2>&1

-- Finished on Wed Jul 24 09:40:28 2024 (one second) with 92992.656 GB free disk space
----------------------------------------
--  segments   memory batches
--  -------- -------- -------
--        01  1.50 GB       2
--        02  0.85 GB       2
--        04  0.43 GB       2
--        06  0.29 GB       2
--
--  For 148381 reads with 660537878 bases, limit to 6 batches.
--  Will count kmers using 01 jobs, each using 3 GB and 4 threads.
--
-- Finished stage 'merylConfigure', reset canuIteration.
--
-- Running jobs.  First attempt out of 2.
--
-- 'meryl-count.jobSubmit-01.sh' -> job 5145843 task 1.
--
----------------------------------------
-- Starting command on Wed Jul 24 09:40:28 2024 with 92992.656 GB free disk space

    cd /bigdata/stajichlab/shared/projects/BioCrusts/MossCrust/genomics/hybrid_assemblies/asm/canu/VB21
    sbatch \
      --depend=afterany:5145843 \
      --cpus-per-task=1 \
      --mem-per-cpu=4g \
      --time 24:00:00  \
      -D `pwd` \
      -J 'canu_VB21' \
      -o canu-scripts/canu.01.out  canu-scripts/canu.01.sh
Submitted batch job 5145844

-- Finished on Wed Jul 24 09:40:28 2024 (lickety-split) with 92992.656 GB free disk space
----------------------------------------
