Loading masurca/4.1.0
  Loading requirement: parallel/20220122 boost/1.80.0 bwa/0.7.17 freebayes/1.3.6
r27
/bigdata/stajichlab/shared/projects/BioCrusts/MossCrust/genomics/hybrid_assemblies/asm/masurca/KHK93 /bigdata/stajichlab/shared/projects/BioCrusts/MossCrust/genomics/hybrid_assemblies
Verifying PATHS...
jellyfish OK
runCA OK
createSuperReadsForDirectory.perl OK
creating script file for the actions...done.
execute assemble.sh to run assembly
[Thu Sep 12 15:12:18 PDT 2024] Processing pe library reads
[Thu Sep 12 15:12:34 PDT 2024] Average PE read length 147
[Thu Sep 12 15:12:35 PDT 2024] Using kmer size of 99 for the graph
[Thu Sep 12 15:12:35 PDT 2024] MIN_Q_CHAR: 33
[Thu Sep 12 15:12:35 PDT 2024] Creating mer database for Quorum
[Thu Sep 12 15:13:05 PDT 2024] Error correct PE
[Thu Sep 12 15:14:45 PDT 2024] Estimating genome size
[Thu Sep 12 15:15:05 PDT 2024] Estimated genome size: 11815592
[Thu Sep 12 15:15:05 PDT 2024] Creating k-unitigs with k=99
[Thu Sep 12 15:15:50 PDT 2024] Computing super reads from PE 
[Thu Sep 12 15:16:39 PDT 2024] Using CABOG from /bigdata/operations/pkgadmin/opt/linux/centos/8.x/x86_64/pkgs/masurca/4.1.0/bin/../CA8/Linux-amd64/bin
[Thu Sep 12 15:16:39 PDT 2024] Running mega-reads correction/assembly
[Thu Sep 12 15:16:39 PDT 2024] Using mer size 17 for mapping, B=15, d=0.02
[Thu Sep 12 15:16:39 PDT 2024] Estimated Genome Size 11815592
[Thu Sep 12 15:16:39 PDT 2024] Estimated Ploidy 1
[Thu Sep 12 15:16:39 PDT 2024] Using 32 threads
[Thu Sep 12 15:16:39 PDT 2024] Output prefix mr.99.17.15.0.02
[Thu Sep 12 15:16:39 PDT 2024] Creating k-unitigs for k=19
[Thu Sep 12 15:16:54 PDT 2024] Pre-correcting long reads
[Thu Sep 12 15:22:49 PDT 2024] Pre-corrected reads are in longest_reads.35x.fa
[Thu Sep 12 15:22:49 PDT 2024] Computing mega-reads
[Thu Sep 12 15:22:49 PDT 2024] Running locally in 1 batch
[Thu Sep 12 15:23:36 PDT 2024] Refining alignments
[Thu Sep 12 15:24:01 PDT 2024] Computing allowed merges
[Thu Sep 12 15:24:02 PDT 2024] Joining
[Thu Sep 12 15:24:07 PDT 2024] Gap consensus
[Thu Sep 12 15:24:22 PDT 2024] Generating assembly input files
[Thu Sep 12 15:24:49 PDT 2024] Coverage threshold for splitting unitigs is 37 minimum ovl 499
[Thu Sep 12 15:24:49 PDT 2024] Running assembly
[Thu Sep 12 15:36:11 PDT 2024] Mega-reads initial assembly complete
[Thu Sep 12 15:36:11 PDT 2024] No gap closing possible
[Thu Sep 12 15:36:11 PDT 2024] Removing redundant scaffolds
[Thu Sep 12 15:36:17 PDT 2024] Assembly complete, primary scaffold sequences are in CA.mr.99.17.15.0.02/primary.genome.scf.fasta
[Thu Sep 12 15:36:17 PDT 2024] redundant or haplotype variant scaffold sequences are in CA.mr.99.17.15.0.02/alternative.genome.scf.fasta
[Thu Sep 12 15:36:17 PDT 2024] All done, final assembly is in CA.mr.99.17.15.0.02/primary.genome.scf.fasta
[Thu Sep 12 15:36:17 PDT 2024] Final stats for CA.mr.99.17.15.0.02/primary.genome.scf.fasta
N50 6044564
Sequence 6044564
Average 6.04456e+06
E-size 6.04456e+06
Count 1
/bigdata/stajichlab/shared/projects/BioCrusts/MossCrust/genomics/hybrid_assemblies
/var/spool/slurmd/job7346758/slurm_script: line 57: syntax error near unexpected token `done'
/var/spool/slurmd/job7346758/slurm_script: line 57: `done'
