-- canu 2.2
--
-- CITATIONS
--
-- For 'standard' assemblies of PacBio or Nanopore reads:
--   Koren S, Walenz BP, Berlin K, Miller JR, Phillippy AM.
--   Canu: scalable and accurate long-read assembly via adaptive k-mer weighting and repeat separation.
--   Genome Res. 2017 May;27(5):722-736.
--   http://doi.org/10.1101/gr.215087.116
-- 
-- Read and contig alignments during correction and consensus use:
--   Šošic M, Šikic M.
--   Edlib: a C/C ++ library for fast, exact sequence alignment using edit distance.
--   Bioinformatics. 2017 May 1;33(9):1394-1395.
--   http://doi.org/10.1093/bioinformatics/btw753
-- 
-- Overlaps are generated using:
--   Berlin K, et al.
--   Assembling large genomes with single-molecule sequencing and locality-sensitive hashing.
--   Nat Biotechnol. 2015 Jun;33(6):623-30.
--   http://doi.org/10.1038/nbt.3238
-- 
--   Myers EW, et al.
--   A Whole-Genome Assembly of Drosophila.
--   Science. 2000 Mar 24;287(5461):2196-204.
--   http://doi.org/10.1126/science.287.5461.2196
-- 
-- Corrected read consensus sequences are generated using an algorithm derived from FALCON-sense:
--   Chin CS, et al.
--   Phased diploid genome assembly with single-molecule real-time sequencing.
--   Nat Methods. 2016 Dec;13(12):1050-1054.
--   http://doi.org/10.1038/nmeth.4035
-- 
-- Contig consensus sequences are generated using an algorithm derived from pbdagcon:
--   Chin CS, et al.
--   Nonhybrid, finished microbial genome assemblies from long-read SMRT sequencing data.
--   Nat Methods. 2013 Jun;10(6):563-9
--   http://doi.org/10.1038/nmeth.2474
-- 
-- CONFIGURE CANU
--
-- Detected Java(TM) Runtime Environment '17.0.2' (from '/opt/linux/rocky/8.x/x86_64/pkgs/java/17.0.2/bin/java') without -d64 support.
-- Detected gnuplot version '5.2 patchlevel 4   ' (from 'gnuplot') and image format 'png'.
--
-- Detected 2 CPUs and 4096 gigabytes of memory on the local machine.
--
-- Detected Slurm with 'sinfo' binary in /opt/linux/rocky/8.x/x86_64/pkgs/slurm/23.02.2/bin/sinfo.
-- Detected Slurm with task IDs up to 2499 allowed.
-- 
-- Slurm support detected.  Resources available:
--     53 hosts with  64 cores and  438 GB memory.
--      4 hosts with  96 cores and  341 GB memory.
--     31 hosts with  64 cores and  487 GB memory.
--     10 hosts with 256 cores and  438 GB memory.
--      2 hosts with  96 cores and  438 GB memory.
--      2 hosts with  64 cores and  927 GB memory.
--      2 hosts with  64 cores and   97 GB memory.
--      2 hosts with  48 cores and  487 GB memory.
--     11 hosts with  64 cores and  194 GB memory.
--      2 hosts with 256 cores and  900 GB memory.
--      4 hosts with  32 cores and  900 GB memory.
--      8 hosts with 128 cores and  438 GB memory.
--     18 hosts with 256 cores and  927 GB memory.
--      3 hosts with  64 cores and  900 GB memory.
--      2 hosts with  32 cores and  111 GB memory.
--
-- I appear to be task 4 in a job array, unsetting SLURM_ARRAY_TASK_ID.
--
--                         (tag)Threads
--                (tag)Memory         |
--        (tag)             |         |  algorithm
--        -------  ----------  --------  -----------------------------
-- Grid:  meryl      6.000 GB    4 CPUs  (k-mer counting)
-- Grid:  hap        6.000 GB    4 CPUs  (read-to-haplotype assignment)
-- Grid:  cormhap    6.000 GB   16 CPUs  (overlap detection with mhap)
-- Grid:  obtovl     4.000 GB    8 CPUs  (overlap detection)
-- Grid:  utgovl     4.000 GB    8 CPUs  (overlap detection)
-- Grid:  cor        -.--- GB    4 CPUs  (read correction)
-- Grid:  ovb        4.000 GB    1 CPU   (overlap store bucketizer)
-- Grid:  ovs        8.000 GB    1 CPU   (overlap store sorting)
-- Grid:  red        8.000 GB    4 CPUs  (read error detection)
-- Grid:  oea        8.000 GB    1 CPU   (overlap error adjustment)
-- Grid:  bat       16.000 GB    4 CPUs  (contig construction with bogart)
-- Grid:  cns        -.--- GB    4 CPUs  (consensus)
--
-- Found untrimmed raw Nanopore reads in the input files.
--
-- I appear to be task  in a job array, unsetting SLURM_ARRAY_TASK_ID.
--
-- Generating assembly 'KHK93' in '/bigdata/stajichlab/shared/projects/BioCrusts/MossCrust/genomics/hybrid_assemblies/asm/canu/KHK93':
--   genomeSize:
--     20000000
--
--   Overlap Generation Limits:
--     corOvlErrorRate 0.3200 ( 32.00%)
--     obtOvlErrorRate 0.1200 ( 12.00%)
--     utgOvlErrorRate 0.1200 ( 12.00%)
--
--   Overlap Processing Limits:
--     corErrorRate    0.3000 ( 30.00%)
--     obtErrorRate    0.1200 ( 12.00%)
--     utgErrorRate    0.1200 ( 12.00%)
--     cnsErrorRate    0.2000 ( 20.00%)
--
--   Stages to run:
--     correct raw reads.
--     trim corrected reads.
--     assemble corrected and trimmed reads.
--
--
-- BEGIN CORRECTION
----------------------------------------
-- Starting command on Wed Jul 24 09:40:06 2024 with 92993.609 GB free disk space

    cd .
    ./KHK93.seqStore.sh \
    > ./KHK93.seqStore.err 2>&1

-- Finished on Wed Jul 24 09:41:52 2024 (106 seconds) with 92990.312 GB free disk space
----------------------------------------
--
-- In sequence store './KHK93.seqStore':
--   Found 328260 reads.
--   Found 4000001355 bases (200 times coverage).
--    Histogram of raw reads:
--    
--    G=4000001355                       sum of  ||               length     num
--    NG         length     index       lengths  ||                range    seqs
--    ----- ------------ --------- ------------  ||  ------------------- -------
--    00010        45802      7027    400007614  ||       1000-5176       107546|---------------------------------------------------------------
--    00020        35504     17057    800004052  ||       5177-9353        70827|------------------------------------------
--    00030        28989     29565   1200026601  ||       9354-13530       45783|---------------------------
--    00040        23843     44804   1600016660  ||      13531-17707       30688|------------------
--    00050        19550     63348   2000006717  ||      17708-21884       20949|-------------
--    00060        15776     86135   2400005213  ||      21885-26061       14929|---------
--    00070        12399    114705   2800006064  ||      26062-30238       10879|-------
--    00080         9196    152030   3200003197  ||      30239-34415        7879|-----
--    00090         5917    205652   3600001239  ||      34416-38592        5699|----
--    00100         1000    328259   4000001355  ||      38593-42769        4009|---
--    001.000x              328260   4000001355  ||      42770-46946        2724|--
--                                               ||      46947-51123        2018|--
--                                               ||      51124-55300        1354|-
--                                               ||      55301-59477        1008|-
--                                               ||      59478-63654         657|-
--                                               ||      63655-67831         430|-
--                                               ||      67832-72008         274|-
--                                               ||      72009-76185         178|-
--                                               ||      76186-80362         124|-
--                                               ||      80363-84539          75|-
--                                               ||      84540-88716          57|-
--                                               ||      88717-92893          40|-
--                                               ||      92894-97070          34|-
--                                               ||      97071-101247         20|-
--                                               ||     101248-105424         12|-
--                                               ||     105425-109601         15|-
--                                               ||     109602-113778         10|-
--                                               ||     113779-117955          8|-
--                                               ||     117956-122132          7|-
--                                               ||     122133-126309          4|-
--                                               ||     126310-130486          5|-
--                                               ||     130487-134663          4|-
--                                               ||     134664-138840          4|-
--                                               ||     138841-143017          2|-
--                                               ||     143018-147194          3|-
--                                               ||     147195-151371          0|
--                                               ||     151372-155548          1|-
--                                               ||     155549-159725          0|
--                                               ||     159726-163902          1|-
--                                               ||     163903-168079          1|-
--                                               ||     168080-172256          0|
--                                               ||     172257-176433          1|-
--                                               ||     176434-180610          0|
--                                               ||     180611-184787          0|
--                                               ||     184788-188964          0|
--                                               ||     188965-193141          0|
--                                               ||     193142-197318          0|
--                                               ||     197319-201495          0|
--                                               ||     201496-205672          0|
--                                               ||     205673-209849          1|-
--    
----------------------------------------
-- Starting command on Wed Jul 24 09:41:53 2024 with 92990.312 GB free disk space

    cd correction/0-mercounts
    ./meryl-configure.sh \
    > ./meryl-configure.err 2>&1

-- Finished on Wed Jul 24 09:41:54 2024 (one second) with 92990.312 GB free disk space
----------------------------------------
--  segments   memory batches
--  -------- -------- -------
--        01  4.11 GB       3
--        02  4.11 GB       2
--        04  2.10 GB       2
--        06  1.49 GB       2
--        08  1.29 GB       2
--        12  0.86 GB       2
--        16  0.65 GB       2
--        20  0.52 GB       2
--        24  0.43 GB       2
--        32  0.32 GB       2
--        40  0.26 GB       2
--
--  For 328260 reads with 4000001355 bases, limit to 40 batches.
--  Will count kmers using 02 jobs, each using 6 GB and 4 threads.
--
-- Finished stage 'merylConfigure', reset canuIteration.
--
-- Running jobs.  First attempt out of 2.
--
-- 'meryl-count.jobSubmit-01.sh' -> job 5145868 tasks 1-2.
--
----------------------------------------
-- Starting command on Wed Jul 24 09:41:54 2024 with 92990.312 GB free disk space

    cd /bigdata/stajichlab/shared/projects/BioCrusts/MossCrust/genomics/hybrid_assemblies/asm/canu/KHK93
    sbatch \
      --depend=afterany:5145868 \
      --cpus-per-task=1 \
      --mem-per-cpu=4g \
      --time 24:00:00  \
      -D `pwd` \
      -J 'canu_KHK93' \
      -o canu-scripts/canu.01.out  canu-scripts/canu.01.sh
Submitted batch job 5145869

-- Finished on Wed Jul 24 09:41:54 2024 (fast as lightning) with 92990.312 GB free disk space
----------------------------------------
